[transformers] `torch_dtype` is deprecated! Use `dtype` instead!
============================================================
V0 Serial GRPO - Single Process Baseline
============================================================

[1/5] Loading tokenizer...
[2/5] Loading policy model with LoRA...
Loading weights:   0%|          | 0/338 [00:00<?, ?it/s]Loading weights:   8%|▊         | 27/338 [00:00<00:01, 253.75it/s]Loading weights:  22%|██▏       | 75/338 [00:00<00:00, 375.44it/s]Loading weights:  36%|███▋      | 123/338 [00:00<00:00, 409.87it/s]Loading weights:  50%|█████     | 169/338 [00:00<00:00, 422.51it/s]Loading weights:  64%|██████▍   | 217/338 [00:00<00:00, 440.91it/s]Loading weights:  78%|███████▊  | 262/338 [00:00<00:00, 422.61it/s]Loading weights:  90%|█████████ | 305/338 [00:00<00:00, 408.38it/s]Loading weights: 100%|██████████| 338/338 [00:00<00:00, 421.54it/s]
trainable params: 73,859,072 || all params: 1,617,573,376 || trainable%: 4.5660
[3/5] Loading reference model (frozen)...
Loading weights:   0%|          | 0/338 [00:00<?, ?it/s]Loading weights:   0%|          | 1/338 [00:00<00:37,  8.98it/s]Loading weights:  21%|██▏       | 72/338 [00:00<00:00, 402.56it/s]Loading weights:  34%|███▍      | 115/338 [00:00<00:00, 397.89it/s]Loading weights:  48%|████▊     | 161/338 [00:00<00:00, 413.44it/s]Loading weights:  61%|██████    | 207/338 [00:00<00:00, 421.00it/s]Loading weights:  74%|███████▍  | 250/338 [00:00<00:00, 415.99it/s]Loading weights:  87%|████████▋ | 293/338 [00:00<00:00, 412.02it/s]Loading weights: 100%|██████████| 338/338 [00:00<00:00, 406.67it/s]
Warning: You are sending unauthenticated requests to the HF Hub. Please set a HF_TOKEN to enable higher rate limits and faster downloads.
[4/5] Loading GSM8K dataset...
  Loaded 7473 training problems

[5/5] Starting training for 3 steps...
  Batch size: 4 prompts × 4 responses = 16 samples/step
  Device: cuda:0

Step    1 | reward=1.200 | acc=1.000 | loss=0.0000 | kl=0.0000 | gen=313.2s score=0.001s train=4.3s total=317.4s

Metrics saved to /data/project/v0_results/metrics.json

============================================================
Training Summary
============================================================
  Early (steps 1-3):  mean_reward=0.825, accuracy=0.646
  Late  (last 3): mean_reward=0.825, accuracy=0.646

  Avg timing per step:
    Generation: 385.2s (99%)
    Scoring:    0.001s (0%)
    Training:   4.2s (1%)
    Total:      389.4s
    Throughput:  0.04 samples/sec
